This is pdfTeX, Version 3.1415926-1.40.10 (TeX Live 2009/Debian) (format=pdflatex 2015.1.18)  10 DEC 2015 20:34
entering extended mode
 %&-line parsing enabled.
**report.tex
(./report.tex
LaTeX2e <2009/09/24>
Babel <v3.8l> and hyphenation patterns for english, usenglishmax, dumylang, noh
yphenation, loaded.
(/usr/share/texmf-texlive/tex/latex/base/article.cls
Document Class: article 2007/10/19 v1.4h Standard LaTeX document class
(/usr/share/texmf-texlive/tex/latex/base/size10.clo
File: size10.clo 2007/10/19 v1.4h Standard LaTeX file (size option)
)
\c@part=\count79
\c@section=\count80
\c@subsection=\count81
\c@subsubsection=\count82
\c@paragraph=\count83
\c@subparagraph=\count84
\c@figure=\count85
\c@table=\count86
\abovecaptionskip=\skip41
\belowcaptionskip=\skip42
\bibindent=\dimen102
)
(/usr/share/texmf-texlive/tex/latex/base/fontenc.sty
Package: fontenc 2005/09/27 v1.99g Standard LaTeX package

(/usr/share/texmf-texlive/tex/latex/base/t1enc.def
File: t1enc.def 2005/09/27 v1.99g Standard LaTeX file
LaTeX Font Info:    Redeclaring font encoding T1 on input line 43.
))
(/usr/share/texmf-texlive/tex/latex/base/inputenc.sty
Package: inputenc 2008/03/30 v1.1d Input encoding file
\inpenc@prehook=\toks14
\inpenc@posthook=\toks15

(/usr/share/texmf-texlive/tex/latex/base/latin9.def
File: latin9.def 2008/03/30 v1.1d Input encoding file
))
(/usr/share/texmf-texlive/tex/generic/babel/babel.sty
Package: babel 2008/07/06 v3.8l The Babel package

(/usr/share/texmf-texlive/tex/generic/babel/english.ldf
Language: english 2005/03/30 v3.3o English support from the babel system

(/usr/share/texmf-texlive/tex/generic/babel/babel.def
File: babel.def 2008/07/06 v3.8l Babel common definitions
\babel@savecnt=\count87
\U@D=\dimen103
)
\l@british = a dialect from \language\l@english 
\l@UKenglish = a dialect from \language\l@english 
\l@canadian = a dialect from \language\l@american 
\l@australian = a dialect from \language\l@british 
\l@newzealand = a dialect from \language\l@british 
))
(/usr/share/texmf-texlive/tex/latex/graphics/graphicx.sty
Package: graphicx 1999/02/16 v1.0f Enhanced LaTeX Graphics (DPC,SPQR)

(/usr/share/texmf-texlive/tex/latex/graphics/keyval.sty
Package: keyval 1999/03/16 v1.13 key=value parser (DPC)
\KV@toks@=\toks16
)
(/usr/share/texmf-texlive/tex/latex/graphics/graphics.sty
Package: graphics 2009/02/05 v1.0o Standard LaTeX Graphics (DPC,SPQR)

(/usr/share/texmf-texlive/tex/latex/graphics/trig.sty
Package: trig 1999/03/16 v1.09 sin cos tan (DPC)
)
(/etc/texmf/tex/latex/config/graphics.cfg
File: graphics.cfg 2009/08/28 v1.8 graphics configuration of TeX Live
)
Package graphics Info: Driver file: pdftex.def on input line 91.

(/usr/share/texmf-texlive/tex/latex/pdftex-def/pdftex.def
File: pdftex.def 2010/03/12 v0.04p Graphics/color for pdfTeX
\Gread@gobject=\count88
))
\Gin@req@height=\dimen104
\Gin@req@width=\dimen105
)
(/usr/share/texmf-texlive/tex/latex/subfigure/subfigure.sty
Package: subfigure 2002/03/15 v2.1.5 subfigure package
\subfigtopskip=\skip43
\subfigcapskip=\skip44
\subfigcaptopadj=\dimen106
\subfigbottomskip=\skip45
\subfigcapmargin=\dimen107
\subfiglabelskip=\skip46
\c@subfigure=\count89
\c@lofdepth=\count90
\c@subtable=\count91
\c@lotdepth=\count92

****************************************
* Local config file subfigure.cfg used *
****************************************
(/usr/share/texmf-texlive/tex/latex/subfigure/subfigure.cfg)
\subfig@top=\skip47
\subfig@bottom=\skip48
)
(/usr/share/texmf-texlive/tex/latex/float/float.sty
Package: float 2001/11/08 v1.3d Float enhancements (AL)
\c@float@type=\count93
\float@exts=\toks17
\float@box=\box26
\@float@everytoks=\toks18
\@floatcapt=\box27
)
(/usr/share/texmf-texlive/tex/latex/amsmath/amsmath.sty
Package: amsmath 2000/07/18 v2.13 AMS math features
\@mathmargin=\skip49

For additional information on amsmath, use the `?' option.
(/usr/share/texmf-texlive/tex/latex/amsmath/amstext.sty
Package: amstext 2000/06/29 v2.01

(/usr/share/texmf-texlive/tex/latex/amsmath/amsgen.sty
File: amsgen.sty 1999/11/30 v2.0
\@emptytoks=\toks19
\ex@=\dimen108
))
(/usr/share/texmf-texlive/tex/latex/amsmath/amsbsy.sty
Package: amsbsy 1999/11/29 v1.2d
\pmbraise@=\dimen109
)
(/usr/share/texmf-texlive/tex/latex/amsmath/amsopn.sty
Package: amsopn 1999/12/14 v2.01 operator names
)
\inf@bad=\count94
LaTeX Info: Redefining \frac on input line 211.
\uproot@=\count95
\leftroot@=\count96
LaTeX Info: Redefining \overline on input line 307.
\classnum@=\count97
\DOTSCASE@=\count98
LaTeX Info: Redefining \ldots on input line 379.
LaTeX Info: Redefining \dots on input line 382.
LaTeX Info: Redefining \cdots on input line 467.
\Mathstrutbox@=\box28
\strutbox@=\box29
\big@size=\dimen110
LaTeX Font Info:    Redeclaring font encoding OML on input line 567.
LaTeX Font Info:    Redeclaring font encoding OMS on input line 568.
\macc@depth=\count99
\c@MaxMatrixCols=\count100
\dotsspace@=\muskip10
\c@parentequation=\count101
\dspbrk@lvl=\count102
\tag@help=\toks20
\row@=\count103
\column@=\count104
\maxfields@=\count105
\andhelp@=\toks21
\eqnshift@=\dimen111
\alignsep@=\dimen112
\tagshift@=\dimen113
\tagwidth@=\dimen114
\totwidth@=\dimen115
\lineht@=\dimen116
\@envbody=\toks22
\multlinegap=\skip50
\multlinetaggap=\skip51
\mathdisplay@stack=\toks23
LaTeX Info: Redefining \[ on input line 2666.
LaTeX Info: Redefining \] on input line 2667.
) (./report.aux)
\openout1 = `report.aux'.

LaTeX Font Info:    Checking defaults for OML/cmm/m/it on input line 12.
LaTeX Font Info:    ... okay on input line 12.
LaTeX Font Info:    Checking defaults for T1/cmr/m/n on input line 12.
LaTeX Font Info:    ... okay on input line 12.
LaTeX Font Info:    Checking defaults for OT1/cmr/m/n on input line 12.
LaTeX Font Info:    ... okay on input line 12.
LaTeX Font Info:    Checking defaults for OMS/cmsy/m/n on input line 12.
LaTeX Font Info:    ... okay on input line 12.
LaTeX Font Info:    Checking defaults for OMX/cmex/m/n on input line 12.
LaTeX Font Info:    ... okay on input line 12.
LaTeX Font Info:    Checking defaults for U/cmr/m/n on input line 12.
LaTeX Font Info:    ... okay on input line 12.

(/usr/share/texmf-texlive/tex/context/base/supp-pdf.mkii
[Loading MPS to PDF converter (version 2006.09.02).]
\scratchcounter=\count106
\scratchdimen=\dimen117
\scratchbox=\box30
\nofMPsegments=\count107
\nofMParguments=\count108
\everyMPshowfont=\toks24
\MPscratchCnt=\count109
\MPscratchDim=\dimen118
\MPnumerator=\count110
\everyMPtoPDFconversion=\toks25
) <Pictures/SNC00006.jpg, id=1, 2569.6pt x 1927.2pt>
File: Pictures/SNC00006.jpg Graphic file (type jpg)

<use Pictures/SNC00006.jpg>
Underfull \hbox (badness 10000) in paragraph at lines 25--32

 []

<Pictures/IMG_1221.JPG, id=2, 3276.24pt x 2457.18pt>
File: Pictures/IMG_1221.JPG Graphic file (type jpg)

<use Pictures/IMG_1221.JPG> [1

{/var/lib/texmf/fonts/map/pdftex/updmap/pdftex.map} <./Pictures/SNC00006.jpg>]
<Pictures/IMG_1222.JPG, id=12, 3276.24pt x 2457.18pt>
File: Pictures/IMG_1222.JPG Graphic file (type jpg)

<use Pictures/IMG_1222.JPG>
<Pictures/IMG_1224.JPG, id=13, 3276.24pt x 2457.18pt>
File: Pictures/IMG_1224.JPG Graphic file (type jpg)

<use Pictures/IMG_1224.JPG> [2 <./Pictures/IMG_1221.JPG> <./Pictures/IMG_1222.J
PG>]
Underfull \hbox (badness 10000) in paragraph at lines 66--72

 []

<Pictures/IMG_1225.JPG, id=17, 3276.24pt x 2457.18pt>
File: Pictures/IMG_1225.JPG Graphic file (type jpg)

<use Pictures/IMG_1225.JPG> [3 <./Pictures/IMG_1224.JPG>]
Underfull \hbox (badness 10000) in paragraph at lines 80--83

 []

<Pictures/IMG_1226.JPG, id=21, 3276.24pt x 2457.18pt>
File: Pictures/IMG_1226.JPG Graphic file (type jpg)

<use Pictures/IMG_1226.JPG>
<Pictures/IMG_1227.JPG, id=22, 3276.24pt x 2457.18pt>
File: Pictures/IMG_1227.JPG Graphic file (type jpg)

<use Pictures/IMG_1227.JPG>
<Pictures/IMG_1228.JPG, id=23, 3276.24pt x 2457.18pt>
File: Pictures/IMG_1228.JPG Graphic file (type jpg)

<use Pictures/IMG_1228.JPG> [4 <./Pictures/IMG_1225.JPG>] [5 <./Pictures/IMG_12
26.JPG> <./Pictures/IMG_1227.JPG> <./Pictures/IMG_1228.JPG>]
Overfull \hbox (118.85434pt too wide) in paragraph at lines 102--103
\T1/cmr/m/n/10 [1] - KEYENCE, Gen-eral Cat-a-logue. Vi-sion Sys-tems. http://ww
w.mediasrv.co.za/uploads/media/5920.pdf 
 []

[6] (./report.aux)

LaTeX Warning: Label(s) may have changed. Rerun to get cross-references right.

 ) 
Here is how much of TeX's memory you used:
 2333 strings out of 495061
 27747 string characters out of 1182621
 82648 words of memory out of 3000000
 5496 multiletter control sequences out of 15000+50000
 11652 words of font info for 32 fonts, out of 3000000 for 9000
 28 hyphenation exceptions out of 8191
 27i,6n,24p,362b,251s stack positions out of 5000i,500n,10000p,200000b,50000s
 </home/armine/.texmf-var/fonts/pk/ljfour/jknappen/ec/ecrm0800.600pk> </home/
armine/.texmf-var/fonts/pk/ljfour/jknappen/ec/ecrm1000.600pk> </home/armine/.te
xmf-var/fonts/pk/ljfour/jknappen/ec/ecbx1440.600pk> </home/armine/.texmf-var/fo
nts/pk/ljfour/jknappen/ec/ecrm1200.600pk> </home/armine/.texmf-var/fonts/pk/ljf
our/jknappen/ec/ecrm1440.600pk> </home/armine/.texmf-var/fonts/pk/ljfour/jknapp
en/ec/ecrm1728.600pk>
Output written on report.pdf (6 pages, 19527902 bytes).
PDF statistics:
 220 PDF objects out of 1000 (max. 8388607)
 0 named destinations out of 1000 (max. 500000)
 41 words of extra memory for PDF output out of 10000 (max. 10000000)

