This is pdfTeX, Version 3.14159265-2.6-1.40.16 (TeX Live 2015) (preloaded format=pdflatex 2015.10.5)  4 DEC 2015 14:10
entering extended mode
 restricted \write18 enabled.
 file:line:error style messages enabled.
 %&-line parsing enabled.
**report.tex
(./report.tex
LaTeX2e <2015/01/01>
Babel <3.9l> and hyphenation patterns for 79 languages loaded.
(/usr/local/texlive/2015/texmf-dist/tex/latex/base/article.cls
Document Class: article 2014/09/29 v1.4h Standard LaTeX document class
(/usr/local/texlive/2015/texmf-dist/tex/latex/base/size10.clo
File: size10.clo 2014/09/29 v1.4h Standard LaTeX file (size option)
)
\c@part=\count79
\c@section=\count80
\c@subsection=\count81
\c@subsubsection=\count82
\c@paragraph=\count83
\c@subparagraph=\count84
\c@figure=\count85
\c@table=\count86
\abovecaptionskip=\skip41
\belowcaptionskip=\skip42
\bibindent=\dimen102
)
(/usr/local/texlive/2015/texmf-dist/tex/latex/base/fontenc.sty
Package: fontenc 2005/09/27 v1.99g Standard LaTeX package

(/usr/local/texlive/2015/texmf-dist/tex/latex/base/t1enc.def
File: t1enc.def 2005/09/27 v1.99g Standard LaTeX file
LaTeX Font Info:    Redeclaring font encoding T1 on input line 48.
))
(/usr/local/texlive/2015/texmf-dist/tex/latex/base/inputenc.sty
Package: inputenc 2015/03/17 v1.2c Input encoding file
\inpenc@prehook=\toks14
\inpenc@posthook=\toks15

(/usr/local/texlive/2015/texmf-dist/tex/latex/base/latin9.def
File: latin9.def 2015/03/17 v1.2c Input encoding file
))
(/usr/local/texlive/2015/texmf-dist/tex/generic/babel/babel.sty
Package: babel 2014/09/25 3.9l The Babel package

(/usr/local/texlive/2015/texmf-dist/tex/generic/babel-english/english.ldf
Language: english 2012/08/20 v3.3p English support from the babel system

(/usr/local/texlive/2015/texmf-dist/tex/generic/babel/babel.def
File: babel.def 2014/09/25 3.9l Babel common definitions
\babel@savecnt=\count87
\U@D=\dimen103
)
\l@canadian = a dialect from \language\l@american 
\l@australian = a dialect from \language\l@british 
\l@newzealand = a dialect from \language\l@british 
))
(/usr/local/texlive/2015/texmf-dist/tex/latex/graphics/graphicx.sty
Package: graphicx 2014/10/28 v1.0g Enhanced LaTeX Graphics (DPC,SPQR)

(/usr/local/texlive/2015/texmf-dist/tex/latex/graphics/keyval.sty
Package: keyval 2014/10/28 v1.15 key=value parser (DPC)
\KV@toks@=\toks16
)
(/usr/local/texlive/2015/texmf-dist/tex/latex/graphics/graphics.sty
Package: graphics 2014/10/28 v1.0p Standard LaTeX Graphics (DPC,SPQR)

(/usr/local/texlive/2015/texmf-dist/tex/latex/graphics/trig.sty
Package: trig 1999/03/16 v1.09 sin cos tan (DPC)
)
(/usr/local/texlive/2015/texmf-dist/tex/latex/latexconfig/graphics.cfg
File: graphics.cfg 2010/04/23 v1.9 graphics configuration of TeX Live
)
Package graphics Info: Driver file: pdftex.def on input line 94.

(/usr/local/texlive/2015/texmf-dist/tex/latex/pdftex-def/pdftex.def
File: pdftex.def 2011/05/27 v0.06d Graphics/color for pdfTeX

(/usr/local/texlive/2015/texmf-dist/tex/generic/oberdiek/infwarerr.sty
Package: infwarerr 2010/04/08 v1.3 Providing info/warning/error messages (HO)
)
(/usr/local/texlive/2015/texmf-dist/tex/generic/oberdiek/ltxcmds.sty
Package: ltxcmds 2011/11/09 v1.22 LaTeX kernel commands for general use (HO)
)
\Gread@gobject=\count88
))
\Gin@req@height=\dimen104
\Gin@req@width=\dimen105
)
(/usr/local/texlive/2015/texmf-dist/tex/latex/subfigure/subfigure.sty
Package: subfigure 2002/03/15 v2.1.5 subfigure package
\subfigtopskip=\skip43
\subfigcapskip=\skip44
\subfigcaptopadj=\dimen106
\subfigbottomskip=\skip45
\subfigcapmargin=\dimen107
\subfiglabelskip=\skip46
\c@subfigure=\count89
\c@lofdepth=\count90
\c@subtable=\count91
\c@lotdepth=\count92

****************************************
* Local config file subfigure.cfg used *
****************************************
(/usr/local/texlive/2015/texmf-dist/tex/latex/subfigure/subfigure.cfg)
\subfig@top=\skip47
\subfig@bottom=\skip48
)
(/usr/local/texlive/2015/texmf-dist/tex/latex/float/float.sty
Package: float 2001/11/08 v1.3d Float enhancements (AL)
\c@float@type=\count93
\float@exts=\toks17
\float@box=\box26
\@float@everytoks=\toks18
\@floatcapt=\box27
)
(/usr/local/texlive/2015/texmf-dist/tex/latex/amsmath/amsmath.sty
Package: amsmath 2013/01/14 v2.14 AMS math features
\@mathmargin=\skip49

For additional information on amsmath, use the `?' option.
(/usr/local/texlive/2015/texmf-dist/tex/latex/amsmath/amstext.sty
Package: amstext 2000/06/29 v2.01

(/usr/local/texlive/2015/texmf-dist/tex/latex/amsmath/amsgen.sty
File: amsgen.sty 1999/11/30 v2.0
\@emptytoks=\toks19
\ex@=\dimen108
))
(/usr/local/texlive/2015/texmf-dist/tex/latex/amsmath/amsbsy.sty
Package: amsbsy 1999/11/29 v1.2d
\pmbraise@=\dimen109
)
(/usr/local/texlive/2015/texmf-dist/tex/latex/amsmath/amsopn.sty
Package: amsopn 1999/12/14 v2.01 operator names
)
\inf@bad=\count94
LaTeX Info: Redefining \frac on input line 210.
\uproot@=\count95
\leftroot@=\count96
LaTeX Info: Redefining \overline on input line 306.
\classnum@=\count97
\DOTSCASE@=\count98
LaTeX Info: Redefining \ldots on input line 378.
LaTeX Info: Redefining \dots on input line 381.
LaTeX Info: Redefining \cdots on input line 466.
\Mathstrutbox@=\box28
\strutbox@=\box29
\big@size=\dimen110
LaTeX Font Info:    Redeclaring font encoding OML on input line 566.
LaTeX Font Info:    Redeclaring font encoding OMS on input line 567.
\macc@depth=\count99
\c@MaxMatrixCols=\count100
\dotsspace@=\muskip10
\c@parentequation=\count101
\dspbrk@lvl=\count102
\tag@help=\toks20
\row@=\count103
\column@=\count104
\maxfields@=\count105
\andhelp@=\toks21
\eqnshift@=\dimen111
\alignsep@=\dimen112
\tagshift@=\dimen113
\tagwidth@=\dimen114
\totwidth@=\dimen115
\lineht@=\dimen116
\@envbody=\toks22
\multlinegap=\skip50
\multlinetaggap=\skip51
\mathdisplay@stack=\toks23
LaTeX Info: Redefining \[ on input line 2665.
LaTeX Info: Redefining \] on input line 2666.
)
(./report.aux)
\openout1 = `report.aux'.

LaTeX Font Info:    Checking defaults for OML/cmm/m/it on input line 12.
LaTeX Font Info:    ... okay on input line 12.
LaTeX Font Info:    Checking defaults for T1/cmr/m/n on input line 12.
LaTeX Font Info:    ... okay on input line 12.
LaTeX Font Info:    Checking defaults for OT1/cmr/m/n on input line 12.
LaTeX Font Info:    ... okay on input line 12.
LaTeX Font Info:    Checking defaults for OMS/cmsy/m/n on input line 12.
LaTeX Font Info:    ... okay on input line 12.
LaTeX Font Info:    Checking defaults for OMX/cmex/m/n on input line 12.
LaTeX Font Info:    ... okay on input line 12.
LaTeX Font Info:    Checking defaults for U/cmr/m/n on input line 12.
LaTeX Font Info:    ... okay on input line 12.

(/usr/local/texlive/2015/texmf-dist/tex/context/base/supp-pdf.mkii
[Loading MPS to PDF converter (version 2006.09.02).]
\scratchcounter=\count106
\scratchdimen=\dimen117
\scratchbox=\box30
\nofMPsegments=\count107
\nofMParguments=\count108
\everyMPshowfont=\toks24
\MPscratchCnt=\count109
\MPscratchDim=\dimen118
\MPnumerator=\count110
\makeMPintoPDFobject=\count111
\everyMPtoPDFconversion=\toks25
) (/usr/local/texlive/2015/texmf-dist/tex/generic/oberdiek/pdftexcmds.sty
Package: pdftexcmds 2011/11/29 v0.20 Utility functions of pdfTeX for LuaTeX (HO
)

(/usr/local/texlive/2015/texmf-dist/tex/generic/oberdiek/ifluatex.sty
Package: ifluatex 2010/03/01 v1.3 Provides the ifluatex switch (HO)
Package ifluatex Info: LuaTeX not detected.
)
(/usr/local/texlive/2015/texmf-dist/tex/generic/oberdiek/ifpdf.sty
Package: ifpdf 2011/01/30 v2.3 Provides the ifpdf switch (HO)
Package ifpdf Info: pdfTeX in PDF mode is detected.
)
Package pdftexcmds Info: LuaTeX not detected.
Package pdftexcmds Info: \pdf@primitive is available.
Package pdftexcmds Info: \pdf@ifprimitive is available.
Package pdftexcmds Info: \pdfdraftmode found.
)
(/usr/local/texlive/2015/texmf-dist/tex/latex/oberdiek/epstopdf-base.sty
Package: epstopdf-base 2010/02/09 v2.5 Base part for package epstopdf

(/usr/local/texlive/2015/texmf-dist/tex/latex/oberdiek/grfext.sty
Package: grfext 2010/08/19 v1.1 Manage graphics extensions (HO)

(/usr/local/texlive/2015/texmf-dist/tex/generic/oberdiek/kvdefinekeys.sty
Package: kvdefinekeys 2011/04/07 v1.3 Define keys (HO)
))
(/usr/local/texlive/2015/texmf-dist/tex/latex/oberdiek/kvoptions.sty
Package: kvoptions 2011/06/30 v3.11 Key value format for package options (HO)

(/usr/local/texlive/2015/texmf-dist/tex/generic/oberdiek/kvsetkeys.sty
Package: kvsetkeys 2012/04/25 v1.16 Key value parser (HO)

(/usr/local/texlive/2015/texmf-dist/tex/generic/oberdiek/etexcmds.sty
Package: etexcmds 2011/02/16 v1.5 Avoid name clashes with e-TeX commands (HO)
Package etexcmds Info: Could not find \expanded.
(etexcmds)             That can mean that you are not using pdfTeX 1.50 or
(etexcmds)             that some package has redefined \expanded.
(etexcmds)             In the latter case, load this package earlier.
)))
Package grfext Info: Graphics extension search list:
(grfext)             [.png,.pdf,.jpg,.mps,.jpeg,.jbig2,.jb2,.PNG,.PDF,.JPG,.JPE
G,.JBIG2,.JB2,.eps]
(grfext)             \AppendGraphicsExtensions on input line 452.

(/usr/local/texlive/2015/texmf-dist/tex/latex/latexconfig/epstopdf-sys.cfg
File: epstopdf-sys.cfg 2010/07/13 v1.3 Configuration of (r)epstopdf for TeX Liv
e
))
Underfull \hbox (badness 10000) in paragraph at lines 21--25

 []


Underfull \hbox (badness 10000) in paragraph at lines 26--27

 []

<Pictures/circuit_cold001.JPG, id=1, 240.9pt x 192.72pt>
File: Pictures/circuit_cold001.JPG Graphic file (type jpg)

<use Pictures/circuit_cold001.JPG>
Package pdftex.def Info: Pictures/circuit_cold001.JPG used on input line 30.
(pdftex.def)             Requested size: 103.50105pt x 82.80034pt.

<Pictures/position1.JPG, id=2, 1164.35pt x 536.0025pt>
File: Pictures/position1.JPG Graphic file (type jpg)

<use Pictures/position1.JPG>
Package pdftex.def Info: Pictures/position1.JPG used on input line 40.
(pdftex.def)             Requested size: 345.0pt x 158.81456pt.

Underfull \hbox (badness 10000) in paragraph at lines 34--43

 []


Underfull \hbox (badness 10000) in paragraph at lines 34--43

 []

[1

{/usr/local/texlive/2015/texmf-var/fonts/map/pdftex/updmap/pdftex.map} <./Pictu
res/circuit_cold001.JPG>]

LaTeX Warning: Command \textdegree invalid in math mode on input line 45.

<Pictures/max1.JPG, id=13, 1164.35pt x 543.02875pt>
File: Pictures/max1.JPG Graphic file (type jpg)
 <use Pictures/max1.JPG>
Package pdftex.def Info: Pictures/max1.JPG used on input line 51.
(pdftex.def)             Requested size: 345.0pt x 160.8964pt.

Underfull \hbox (badness 10000) in paragraph at lines 44--54

 []


Underfull \hbox (badness 10000) in paragraph at lines 44--54

 []


LaTeX Warning: Command \textdegree invalid in math mode on input line 55.

<Pictures/profile.jpg, id=14, 1035.87pt x 505.89pt>
File: Pictures/profile.jpg Graphic file (type jpg)
 <use Pictures/profile.jpg>
Package pdftex.def Info: Pictures/profile.jpg used on input line 60.
(pdftex.def)             Requested size: 345.0pt x 168.48805pt.

Underfull \hbox (badness 10000) in paragraph at lines 55--63

 []


Underfull \hbox (badness 10000) in paragraph at lines 55--63

 []

[2 <./Pictures/position1.JPG> <./Pictures/max1.JPG>]
<Pictures/calib.JPG, id=20, 963.6pt x 751.30687pt>
File: Pictures/calib.JPG Graphic file (type jpg)
 <use Pictures/calib.JPG>
Package pdftex.def Info: Pictures/calib.JPG used on input line 69.
(pdftex.def)             Requested size: 345.0pt x 268.99141pt.

[3 <./Pictures/profile.jpg>]
Underfull \hbox (badness 10000) in paragraph at lines 73--79

 []


Underfull \hbox (badness 10000) in paragraph at lines 73--79

 []

<Pictures/calibplot.jpg, id=24, 578.16pt x 434.5836pt>
File: Pictures/calibplot.jpg Graphic file (type jpg)

<use Pictures/calibplot.jpg>
Package pdftex.def Info: Pictures/calibplot.jpg used on input line 82.
(pdftex.def)             Requested size: 345.0pt x 259.31982pt.
 [4 <./Pictures/calib.JPG>]

LaTeX Warning: Command \textdegree invalid in math mode on input line 104.

<Pictures/emiss.jpg, id=29, 302.12875pt x 214.8025pt>
File: Pictures/emiss.jpg Graphic file (type jpg)
 <use Pictures/emiss.jpg>
Package pdftex.def Info: Pictures/emiss.jpg used on input line 108.
(pdftex.def)             Requested size: 207.0021pt x 147.1716pt.

Underfull \hbox (badness 10000) in paragraph at lines 94--111

 []


Underfull \hbox (badness 10000) in paragraph at lines 94--111

 []


Underfull \hbox (badness 10000) in paragraph at lines 94--111

 []

[5 <./Pictures/calibplot.jpg>]
Underfull \hbox (badness 10000) in paragraph at lines 112--114

 []


Underfull \hbox (badness 10000) in paragraph at lines 117--119

 []


Underfull \hbox (badness 10000) in paragraph at lines 122--124

 []


Underfull \hbox (badness 10000) in paragraph at lines 127--128

 []


Underfull \hbox (badness 10000) in paragraph at lines 132--135

 []


Underfull \hbox (badness 10000) in paragraph at lines 132--135

 []

[6 <./Pictures/emiss.jpg>]
Underfull \hbox (badness 10000) in paragraph at lines 160--164

 []

<Pictures/Transf.jpg, id=41, 861.2175pt x 379.4175pt>
File: Pictures/Transf.jpg Graphic file (type jpg)

<use Pictures/Transf.jpg>
Package pdftex.def Info: Pictures/Transf.jpg used on input line 182.
(pdftex.def)             Requested size: 345.0pt x 151.99588pt.

<Pictures/Transf_glass.jpg, id=42, 862.72313pt x 376.40625pt>
File: Pictures/Transf_glass.jpg Graphic file (type jpg)

<use Pictures/Transf_glass.jpg>
Package pdftex.def Info: Pictures/Transf_glass.jpg used on input line 185.
(pdftex.def)             Requested size: 345.0pt x 150.51962pt.

<Pictures/Transf_pvc.jpg, id=43, 864.22874pt x 380.92313pt>
File: Pictures/Transf_pvc.jpg Graphic file (type jpg)

<use Pictures/Transf_pvc.jpg>
Package pdftex.def Info: Pictures/Transf_pvc.jpg used on input line 188.
(pdftex.def)             Requested size: 345.0pt x 152.0643pt.

Overfull \hbox (6.66504pt too wide) in paragraph at lines 182--189
 [][] 
 []


Overfull \hbox (6.66504pt too wide) in paragraph at lines 182--189
 [] 
 []


Overfull \hbox (6.66504pt too wide) in paragraph at lines 182--189
 [] 
 []

[7] <Pictures/finger2.jpg, id=48, 862.72313pt x 380.92313pt>
File: Pictures/finger2.jpg Graphic file (type jpg)

<use Pictures/finger2.jpg>
Package pdftex.def Info: Pictures/finger2.jpg used on input line 197.
(pdftex.def)             Requested size: 345.0pt x 152.32585pt.

<Pictures/finger.jpg, id=49, 861.2175pt x 377.91188pt>
File: Pictures/finger.jpg Graphic file (type jpg)

<use Pictures/finger.jpg>
Package pdftex.def Info: Pictures/finger.jpg used on input line 201.
(pdftex.def)             Requested size: 345.0pt x 151.39273pt.

Overfull \hbox (6.66504pt too wide) in paragraph at lines 197--202
 [][] 
 []


Overfull \hbox (6.66504pt too wide) in paragraph at lines 197--202
 [] 
 []

[8 <./Pictures/Transf.jpg> <./Pictures/Transf_glass.jpg> <./Pictures/Transf_pvc
.jpg>] <Pictures/holes_cropped.jpg, id=54, 468.24937pt x 379.4175pt>
File: Pictures/holes_cropped.jpg Graphic file (type jpg)

<use Pictures/holes_cropped.jpg>
Package pdftex.def Info: Pictures/holes_cropped.jpg used on input line 218.
(pdftex.def)             Requested size: 137.9979pt x 111.81718pt.

<Pictures/holes2_cropped.jpg, id=55, 471.26062pt x 377.91188pt>
File: Pictures/holes2_cropped.jpg Graphic file (type jpg)

<use Pictures/holes2_cropped.jpg>
Package pdftex.def Info: Pictures/holes2_cropped.jpg used on input line 221.
(pdftex.def)             Requested size: 139.03496pt x 111.49457pt.
 [9 <./Pictures/finger2.jpg> <./Pictures/finger.jpg>]
Overfull \hbox (170.41934pt too wide) in paragraph at lines 232--235
\T1/cmr/m/n/10 [1] - C.A 1875, Ther-mog-ra-phy train-ing bench. http://www.chau
vin-arnoux.com/sites/default/files/D00HDX78_4.PDF 
 []


Overfull \hbox (24.64124pt too wide) in paragraph at lines 232--235
\T1/cmr/m/n/10 [2] - Tehni-cal Sup-port. Emis-siv-ity in the In-frared. http://
www.optotherm.com/emiss-
 []

[10 <./Pictures/holes_cropped.jpg> <./Pictures/holes2_cropped.jpg>]
(./report.aux) ) 
Here is how much of TeX's memory you used:
 3057 strings out of 493089
 40673 string characters out of 6134842
 107945 words of memory out of 5000000
 6482 multiletter control sequences out of 15000+600000
 12882 words of font info for 35 fonts, out of 8000000 for 9000
 1141 hyphenation exceptions out of 8191
 38i,8n,24p,499b,264s stack positions out of 5000i,500n,10000p,200000b,80000s
{/usr/local/texlive/2015/texmf-dist/fonts/enc/dvips/cm-super/cm
-super-t1.enc}</usr/local/texlive/2015/texmf-dist/fonts/type1/public/amsfonts/c
m/cmmi10.pfb></usr/local/texlive/2015/texmf-dist/fonts/type1/public/amsfonts/cm
/cmmi5.pfb></usr/local/texlive/2015/texmf-dist/fonts/type1/public/amsfonts/cm/c
mmi7.pfb></usr/local/texlive/2015/texmf-dist/fonts/type1/public/amsfonts/cm/cmr
10.pfb></usr/local/texlive/2015/texmf-dist/fonts/type1/public/amsfonts/cm/cmr5.
pfb></usr/local/texlive/2015/texmf-dist/fonts/type1/public/amsfonts/cm/cmr7.pfb
></usr/local/texlive/2015/texmf-dist/fonts/type1/public/amsfonts/cm/cmsy7.pfb><
/usr/local/texlive/2015/texmf-dist/fonts/type1/public/cm-super/sfbx1200.pfb></u
sr/local/texlive/2015/texmf-dist/fonts/type1/public/cm-super/sfbx1440.pfb></usr
/local/texlive/2015/texmf-dist/fonts/type1/public/cm-super/sfrm0800.pfb></usr/l
ocal/texlive/2015/texmf-dist/fonts/type1/public/cm-super/sfrm1000.pfb></usr/loc
al/texlive/2015/texmf-dist/fonts/type1/public/cm-super/sfrm1200.pfb></usr/local
/texlive/2015/texmf-dist/fonts/type1/public/cm-super/sfrm1440.pfb></usr/local/t
exlive/2015/texmf-dist/fonts/type1/public/cm-super/sfrm1728.pfb>
Output written on report.pdf (10 pages, 3059473 bytes).
PDF statistics:
 108 PDF objects out of 1000 (max. 8388607)
 67 compressed objects within 1 object stream
 0 named destinations out of 1000 (max. 500000)
 71 words of extra memory for PDF output out of 10000 (max. 10000000)

