This is pdfTeX, Version 3.1415926-1.40.10 (TeX Live 2009/Debian) (format=pdflatex 2015.1.18)  8 DEC 2015 15:56
entering extended mode
 %&-line parsing enabled.
**report.tex
(./report.tex
LaTeX2e <2009/09/24>
Babel <v3.8l> and hyphenation patterns for english, usenglishmax, dumylang, noh
yphenation, loaded.
(/usr/share/texmf-texlive/tex/latex/base/article.cls
Document Class: article 2007/10/19 v1.4h Standard LaTeX document class
(/usr/share/texmf-texlive/tex/latex/base/size10.clo
File: size10.clo 2007/10/19 v1.4h Standard LaTeX file (size option)
)
\c@part=\count79
\c@section=\count80
\c@subsection=\count81
\c@subsubsection=\count82
\c@paragraph=\count83
\c@subparagraph=\count84
\c@figure=\count85
\c@table=\count86
\abovecaptionskip=\skip41
\belowcaptionskip=\skip42
\bibindent=\dimen102
)
(/usr/share/texmf-texlive/tex/latex/base/fontenc.sty
Package: fontenc 2005/09/27 v1.99g Standard LaTeX package

(/usr/share/texmf-texlive/tex/latex/base/t1enc.def
File: t1enc.def 2005/09/27 v1.99g Standard LaTeX file
LaTeX Font Info:    Redeclaring font encoding T1 on input line 43.
))
(/usr/share/texmf-texlive/tex/latex/base/inputenc.sty
Package: inputenc 2008/03/30 v1.1d Input encoding file
\inpenc@prehook=\toks14
\inpenc@posthook=\toks15

(/usr/share/texmf-texlive/tex/latex/base/latin9.def
File: latin9.def 2008/03/30 v1.1d Input encoding file
))
(/usr/share/texmf-texlive/tex/generic/babel/babel.sty
Package: babel 2008/07/06 v3.8l The Babel package

(/usr/share/texmf-texlive/tex/generic/babel/english.ldf
Language: english 2005/03/30 v3.3o English support from the babel system

(/usr/share/texmf-texlive/tex/generic/babel/babel.def
File: babel.def 2008/07/06 v3.8l Babel common definitions
\babel@savecnt=\count87
\U@D=\dimen103
)
\l@british = a dialect from \language\l@english 
\l@UKenglish = a dialect from \language\l@english 
\l@canadian = a dialect from \language\l@american 
\l@australian = a dialect from \language\l@british 
\l@newzealand = a dialect from \language\l@british 
))
(/usr/share/texmf-texlive/tex/latex/graphics/graphicx.sty
Package: graphicx 1999/02/16 v1.0f Enhanced LaTeX Graphics (DPC,SPQR)

(/usr/share/texmf-texlive/tex/latex/graphics/keyval.sty
Package: keyval 1999/03/16 v1.13 key=value parser (DPC)
\KV@toks@=\toks16
)
(/usr/share/texmf-texlive/tex/latex/graphics/graphics.sty
Package: graphics 2009/02/05 v1.0o Standard LaTeX Graphics (DPC,SPQR)

(/usr/share/texmf-texlive/tex/latex/graphics/trig.sty
Package: trig 1999/03/16 v1.09 sin cos tan (DPC)
)
(/etc/texmf/tex/latex/config/graphics.cfg
File: graphics.cfg 2009/08/28 v1.8 graphics configuration of TeX Live
)
Package graphics Info: Driver file: pdftex.def on input line 91.

(/usr/share/texmf-texlive/tex/latex/pdftex-def/pdftex.def
File: pdftex.def 2010/03/12 v0.04p Graphics/color for pdfTeX
\Gread@gobject=\count88
))
\Gin@req@height=\dimen104
\Gin@req@width=\dimen105
)
(/usr/share/texmf-texlive/tex/latex/subfigure/subfigure.sty
Package: subfigure 2002/03/15 v2.1.5 subfigure package
\subfigtopskip=\skip43
\subfigcapskip=\skip44
\subfigcaptopadj=\dimen106
\subfigbottomskip=\skip45
\subfigcapmargin=\dimen107
\subfiglabelskip=\skip46
\c@subfigure=\count89
\c@lofdepth=\count90
\c@subtable=\count91
\c@lotdepth=\count92

****************************************
* Local config file subfigure.cfg used *
****************************************
(/usr/share/texmf-texlive/tex/latex/subfigure/subfigure.cfg)
\subfig@top=\skip47
\subfig@bottom=\skip48
)
(/usr/share/texmf-texlive/tex/latex/float/float.sty
Package: float 2001/11/08 v1.3d Float enhancements (AL)
\c@float@type=\count93
\float@exts=\toks17
\float@box=\box26
\@float@everytoks=\toks18
\@floatcapt=\box27
)
(/usr/share/texmf-texlive/tex/latex/amsmath/amsmath.sty
Package: amsmath 2000/07/18 v2.13 AMS math features
\@mathmargin=\skip49

For additional information on amsmath, use the `?' option.
(/usr/share/texmf-texlive/tex/latex/amsmath/amstext.sty
Package: amstext 2000/06/29 v2.01

(/usr/share/texmf-texlive/tex/latex/amsmath/amsgen.sty
File: amsgen.sty 1999/11/30 v2.0
\@emptytoks=\toks19
\ex@=\dimen108
))
(/usr/share/texmf-texlive/tex/latex/amsmath/amsbsy.sty
Package: amsbsy 1999/11/29 v1.2d
\pmbraise@=\dimen109
)
(/usr/share/texmf-texlive/tex/latex/amsmath/amsopn.sty
Package: amsopn 1999/12/14 v2.01 operator names
)
\inf@bad=\count94
LaTeX Info: Redefining \frac on input line 211.
\uproot@=\count95
\leftroot@=\count96
LaTeX Info: Redefining \overline on input line 307.
\classnum@=\count97
\DOTSCASE@=\count98
LaTeX Info: Redefining \ldots on input line 379.
LaTeX Info: Redefining \dots on input line 382.
LaTeX Info: Redefining \cdots on input line 467.
\Mathstrutbox@=\box28
\strutbox@=\box29
\big@size=\dimen110
LaTeX Font Info:    Redeclaring font encoding OML on input line 567.
LaTeX Font Info:    Redeclaring font encoding OMS on input line 568.
\macc@depth=\count99
\c@MaxMatrixCols=\count100
\dotsspace@=\muskip10
\c@parentequation=\count101
\dspbrk@lvl=\count102
\tag@help=\toks20
\row@=\count103
\column@=\count104
\maxfields@=\count105
\andhelp@=\toks21
\eqnshift@=\dimen111
\alignsep@=\dimen112
\tagshift@=\dimen113
\tagwidth@=\dimen114
\totwidth@=\dimen115
\lineht@=\dimen116
\@envbody=\toks22
\multlinegap=\skip50
\multlinetaggap=\skip51
\mathdisplay@stack=\toks23
LaTeX Info: Redefining \[ on input line 2666.
LaTeX Info: Redefining \] on input line 2667.
) (./report.aux

LaTeX Warning: Label `fig:invlog' multiply defined.


LaTeX Warning: Label `sub@fig:invlog' multiply defined.


LaTeX Warning: Label `fig:' multiply defined.


LaTeX Warning: Label `fig:' multiply defined.


LaTeX Warning: Label `fig:' multiply defined.

)
\openout1 = `report.aux'.

LaTeX Font Info:    Checking defaults for OML/cmm/m/it on input line 12.
LaTeX Font Info:    ... okay on input line 12.
LaTeX Font Info:    Checking defaults for T1/cmr/m/n on input line 12.
LaTeX Font Info:    ... okay on input line 12.
LaTeX Font Info:    Checking defaults for OT1/cmr/m/n on input line 12.
LaTeX Font Info:    ... okay on input line 12.
LaTeX Font Info:    Checking defaults for OMS/cmsy/m/n on input line 12.
LaTeX Font Info:    ... okay on input line 12.
LaTeX Font Info:    Checking defaults for OMX/cmex/m/n on input line 12.
LaTeX Font Info:    ... okay on input line 12.
LaTeX Font Info:    Checking defaults for U/cmr/m/n on input line 12.
LaTeX Font Info:    ... okay on input line 12.
 (/usr/share/texmf-texlive/tex/context/base/supp-pdf.mkii
[Loading MPS to PDF converter (version 2006.09.02).]
\scratchcounter=\count106
\scratchdimen=\dimen117
\scratchbox=\box30
\nofMPsegments=\count107
\nofMParguments=\count108
\everyMPshowfont=\toks24
\MPscratchCnt=\count109
\MPscratchDim=\dimen118
\MPnumerator=\count110
\everyMPtoPDFconversion=\toks25
) <Pictures/spatial_resolution.png, id=1, 1385.175pt x 1003.75pt>
File: Pictures/spatial_resolution.png Graphic file (type png)

<use Pictures/spatial_resolution.png> [1

{/var/lib/texmf/fonts/map/pdftex/updmap/pdftex.map}] <Pictures/ring_50.png, id=
14, 1385.175pt x 1003.75pt>
File: Pictures/ring_50.png Graphic file (type png)

<use Pictures/ring_50.png>
<Pictures/without_ring_50.png, id=15, 1385.175pt x 1003.75pt>
File: Pictures/without_ring_50.png Graphic file (type png)

<use Pictures/without_ring_50.png>
Underfull \hbox (badness 10000) in paragraph at lines 49--66

 []

[2 <./Pictures/spatial_resolution.png>]
<Pictures/bonus/coin35+5.png, id=19, 1385.175pt x 1003.75pt>
File: Pictures/bonus/coin35+5.png Graphic file (type png)

<use Pictures/bonus/coin35+5.png>
<Pictures/bonus/35+20_coin.png, id=20, 1385.175pt x 1003.75pt>
File: Pictures/bonus/35+20_coin.png Graphic file (type png)

<use Pictures/bonus/35+20_coin.png>
Underfull \hbox (badness 10000) in paragraph at lines 68--82

 []

<Pictures/contour/untitled.png, id=21, 1385.175pt x 1003.75pt>
File: Pictures/contour/untitled.png Graphic file (type png)

<use Pictures/contour/untitled.png>
Underfull \hbox (badness 10000) in paragraph at lines 86--97

 []

[3 <./Pictures/ring_50.png> <./Pictures/without_ring_50.png> <./Pictures/bonus/
coin35+5.png> <./Pictures/bonus/35+20_coin.png>]
<Pictures/contour/inv.png, id=27, 1385.175pt x 1003.75pt>
File: Pictures/contour/inv.png Graphic file (type png)

<use Pictures/contour/inv.png>
<Pictures/contour/invbin.png, id=28, 1385.175pt x 1003.75pt>
File: Pictures/contour/invbin.png Graphic file (type png)

<use Pictures/contour/invbin.png>
<Pictures/contour/invlog.png, id=29, 1385.175pt x 1003.75pt>
File: Pictures/contour/invlog.png Graphic file (type png)

<use Pictures/contour/invlog.png>
Underfull \hbox (badness 10000) in paragraph at lines 98--112

 []

[4 <./Pictures/contour/untitled.png>]
<Pictures/scr/16+5.png, id=34, 1385.175pt x 1003.75pt>
File: Pictures/scr/16+5.png Graphic file (type png)

<use Pictures/scr/16+5.png>
<Pictures/scr/inv16+5.png, id=35, 1385.175pt x 1003.75pt>
File: Pictures/scr/inv16+5.png Graphic file (type png)

<use Pictures/scr/inv16+5.png> [5 <./Pictures/contour/inv.png> <./Pictures/cont
our/invbin.png> <./Pictures/contour/invlog.png>]
<Pictures/bonus/oil_filter_adj.png, id=39, 1385.175pt x 1003.75pt>
File: Pictures/bonus/oil_filter_adj.png Graphic file (type png)

<use Pictures/bonus/oil_filter_adj.png>
Underfull \hbox (badness 10000) in paragraph at lines 133--144

 []

[6 <./Pictures/scr/16+5.png> <./Pictures/scr/inv16+5.png>]
Underfull \hbox (badness 10000) in paragraph at lines 145--146

 []

LaTeX Font Info:    Try loading font information for OMS+cmr on input line 147.

(/usr/share/texmf-texlive/tex/latex/base/omscmr.fd
File: omscmr.fd 1999/05/25 v2.5h Standard LaTeX font definitions
)
LaTeX Font Info:    Font shape `OMS/cmr/m/n' in size <10> not available
(Font)              Font shape `OMS/cmsy/m/n' tried instead on input line 147.

Underfull \hbox (badness 10000) in paragraph at lines 147--148

 []

<Pictures/bonus/35+5.png, id=44, 1385.175pt x 1003.75pt>
File: Pictures/bonus/35+5.png Graphic file (type png)

<use Pictures/bonus/35+5.png>
Overfull \hbox (10.49652pt too wide) in paragraph at lines 161--162
[]\T1/cmr/m/n/10 To es-ti-mate the price of this imag-ing sys-tem we went on ww
w.edmundoptics.com,to
 []


Underfull \hbox (badness 10000) in paragraph at lines 161--162

 []

[7 <./Pictures/bonus/oil_filter_adj.png> <./Pictures/bonus/35+5.png>]
Underfull \hbox (badness 10000) in paragraph at lines 164--165

 []


<Pictures/bonus/50+20coin_distance_20mm_adj.png, id=50, 1385.175pt x 1003.75pt>
File: Pictures/bonus/50+20coin_distance_20mm_adj.png Graphic file (type png)
<use Pictures/bonus/50+20coin_distance_20mm_adj.png>
Underfull \hbox (badness 10000) in paragraph at lines 177--178

 []


Underfull \hbox (badness 10000) in paragraph at lines 179--180

 []


Underfull \hbox (badness 10000) in paragraph at lines 180--181

 []


Overfull \hbox (72.3703pt too wide) in paragraph at lines 189--191
\T1/cmr/m/n/10 [1] - https://photographylife.com/what-is-an-extension-tube [2] 
- http://www.edmundoptics.com 
 []

[8 <./Pictures/bonus/50+20coin_distance_20mm_adj.png>] [9] (./report.aux)

LaTeX Warning: There were multiply-defined labels.

 ) 
Here is how much of TeX's memory you used:
 2400 strings out of 495061
 29368 string characters out of 1182621
 83824 words of memory out of 3000000
 5551 multiletter control sequences out of 15000+50000
 12882 words of font info for 35 fonts, out of 3000000 for 9000
 28 hyphenation exceptions out of 8191
 27i,8n,24p,309b,251s stack positions out of 5000i,500n,10000p,200000b,50000s
 </home/armine/.texmf-var/fonts/pk/ljfour/jknappen/ec/ecbx1200.600pk> </home/
armine/.texmf-var/fonts/pk/ljfour/jknappen/ec/ecrm0800.600pk> </home/armine/.te
xmf-var/fonts/pk/ljfour/jknappen/ec/ecrm1000.600pk> </home/armine/.texmf-var/fo
nts/pk/ljfour/jknappen/ec/ecbx1440.600pk> </home/armine/.texmf-var/fonts/pk/ljf
our/jknappen/ec/ecrm1200.600pk> </home/armine/.texmf-var/fonts/pk/ljfour/jknapp
en/ec/ecrm1440.600pk> </home/armine/.texmf-var/fonts/pk/ljfour/jknappen/ec/ecrm
1728.600pk></usr/share/texmf-texlive/fonts/type1/public/amsfonts/cm/cmmi10.pfb>
</usr/share/texmf-texlive/fonts/type1/public/amsfonts/cm/cmmi8.pfb></usr/share/
texmf-texlive/fonts/type1/public/amsfonts/cm/cmr10.pfb></usr/share/texmf-texliv
e/fonts/type1/public/amsfonts/cm/cmsy10.pfb>
Output written on report.pdf (9 pages, 9500610 bytes).
PDF statistics:
 301 PDF objects out of 1000 (max. 8388607)
 0 named destinations out of 1000 (max. 500000)
 71 words of extra memory for PDF output out of 10000 (max. 10000000)

