This is pdfTeX, Version 3.1415926-1.40.10 (TeX Live 2009/Debian) (format=pdflatex 2015.1.18)  10 NOV 2015 17:00
entering extended mode
 %&-line parsing enabled.
**Lab6_Report.tex
(./Lab6_Report.tex
LaTeX2e <2009/09/24>
Babel <v3.8l> and hyphenation patterns for english, usenglishmax, dumylang, noh
yphenation, loaded.
(/usr/share/texmf-texlive/tex/latex/base/article.cls
Document Class: article 2007/10/19 v1.4h Standard LaTeX document class
(/usr/share/texmf-texlive/tex/latex/base/size10.clo
File: size10.clo 2007/10/19 v1.4h Standard LaTeX file (size option)
)
\c@part=\count79
\c@section=\count80
\c@subsection=\count81
\c@subsubsection=\count82
\c@paragraph=\count83
\c@subparagraph=\count84
\c@figure=\count85
\c@table=\count86
\abovecaptionskip=\skip41
\belowcaptionskip=\skip42
\bibindent=\dimen102
)
(/usr/share/texmf-texlive/tex/latex/base/fontenc.sty
Package: fontenc 2005/09/27 v1.99g Standard LaTeX package

(/usr/share/texmf-texlive/tex/latex/base/t1enc.def
File: t1enc.def 2005/09/27 v1.99g Standard LaTeX file
LaTeX Font Info:    Redeclaring font encoding T1 on input line 43.
))
(/usr/share/texmf-texlive/tex/latex/base/inputenc.sty
Package: inputenc 2008/03/30 v1.1d Input encoding file
\inpenc@prehook=\toks14
\inpenc@posthook=\toks15

(/usr/share/texmf-texlive/tex/latex/base/latin9.def
File: latin9.def 2008/03/30 v1.1d Input encoding file
))
(/usr/share/texmf-texlive/tex/generic/babel/babel.sty
Package: babel 2008/07/06 v3.8l The Babel package

(/usr/share/texmf-texlive/tex/generic/babel/english.ldf
Language: english 2005/03/30 v3.3o English support from the babel system

(/usr/share/texmf-texlive/tex/generic/babel/babel.def
File: babel.def 2008/07/06 v3.8l Babel common definitions
\babel@savecnt=\count87
\U@D=\dimen103
)
\l@british = a dialect from \language\l@english 
\l@UKenglish = a dialect from \language\l@english 
\l@canadian = a dialect from \language\l@american 
\l@australian = a dialect from \language\l@british 
\l@newzealand = a dialect from \language\l@british 
))
(/usr/share/texmf-texlive/tex/latex/graphics/graphicx.sty
Package: graphicx 1999/02/16 v1.0f Enhanced LaTeX Graphics (DPC,SPQR)

(/usr/share/texmf-texlive/tex/latex/graphics/keyval.sty
Package: keyval 1999/03/16 v1.13 key=value parser (DPC)
\KV@toks@=\toks16
)
(/usr/share/texmf-texlive/tex/latex/graphics/graphics.sty
Package: graphics 2009/02/05 v1.0o Standard LaTeX Graphics (DPC,SPQR)

(/usr/share/texmf-texlive/tex/latex/graphics/trig.sty
Package: trig 1999/03/16 v1.09 sin cos tan (DPC)
)
(/etc/texmf/tex/latex/config/graphics.cfg
File: graphics.cfg 2009/08/28 v1.8 graphics configuration of TeX Live
)
Package graphics Info: Driver file: pdftex.def on input line 91.

(/usr/share/texmf-texlive/tex/latex/pdftex-def/pdftex.def
File: pdftex.def 2010/03/12 v0.04p Graphics/color for pdfTeX
\Gread@gobject=\count88
))
\Gin@req@height=\dimen104
\Gin@req@width=\dimen105
)
(/usr/share/texmf-texlive/tex/latex/subfigure/subfigure.sty
Package: subfigure 2002/03/15 v2.1.5 subfigure package
\subfigtopskip=\skip43
\subfigcapskip=\skip44
\subfigcaptopadj=\dimen106
\subfigbottomskip=\skip45
\subfigcapmargin=\dimen107
\subfiglabelskip=\skip46
\c@subfigure=\count89
\c@lofdepth=\count90
\c@subtable=\count91
\c@lotdepth=\count92

****************************************
* Local config file subfigure.cfg used *
****************************************
(/usr/share/texmf-texlive/tex/latex/subfigure/subfigure.cfg)
\subfig@top=\skip47
\subfig@bottom=\skip48
)
(/usr/share/texmf-texlive/tex/latex/float/float.sty
Package: float 2001/11/08 v1.3d Float enhancements (AL)
\c@float@type=\count93
\float@exts=\toks17
\float@box=\box26
\@float@everytoks=\toks18
\@floatcapt=\box27
) (./Lab6_Report.aux)
\openout1 = `Lab6_Report.aux'.

LaTeX Font Info:    Checking defaults for OML/cmm/m/it on input line 10.
LaTeX Font Info:    ... okay on input line 10.
LaTeX Font Info:    Checking defaults for T1/cmr/m/n on input line 10.
LaTeX Font Info:    ... okay on input line 10.
LaTeX Font Info:    Checking defaults for OT1/cmr/m/n on input line 10.
LaTeX Font Info:    ... okay on input line 10.
LaTeX Font Info:    Checking defaults for OMS/cmsy/m/n on input line 10.
LaTeX Font Info:    ... okay on input line 10.
LaTeX Font Info:    Checking defaults for OMX/cmex/m/n on input line 10.
LaTeX Font Info:    ... okay on input line 10.
LaTeX Font Info:    Checking defaults for U/cmr/m/n on input line 10.
LaTeX Font Info:    ... okay on input line 10.

(/usr/share/texmf-texlive/tex/context/base/supp-pdf.mkii
[Loading MPS to PDF converter (version 2006.09.02).]
\scratchcounter=\count94
\scratchdimen=\dimen108
\scratchbox=\box28
\nofMPsegments=\count95
\nofMParguments=\count96
\everyMPshowfont=\toks19
\MPscratchCnt=\count97
\MPscratchDim=\dimen109
\MPnumerator=\count98
\everyMPtoPDFconversion=\toks20
)
LaTeX Font Info:    External font `cmex10' loaded for size
(Font)              <12> on input line 16.
LaTeX Font Info:    External font `cmex10' loaded for size
(Font)              <8> on input line 16.
LaTeX Font Info:    External font `cmex10' loaded for size
(Font)              <6> on input line 16.
LaTeX Font Info:    External font `cmex10' loaded for size
(Font)              <7> on input line 21.
LaTeX Font Info:    External font `cmex10' loaded for size
(Font)              <5> on input line 21.

Underfull \hbox (badness 10000) in paragraph at lines 24--26

 []


Underfull \hbox (badness 10000) in paragraph at lines 28--29

 []

[1

{/var/lib/texmf/fonts/map/pdftex/updmap/pdftex.map}]
<Lab6/Step1.JPG, id=11, 2457.18pt x 2457.18pt>
File: Lab6/Step1.JPG Graphic file (type jpg)
 <use Lab6/Step1.JPG>
Underfull \hbox (badness 10000) in paragraph at lines 36--37

 []

<Lab6/Step2.JPG, id=12, 2457.18pt x 2457.18pt>
File: Lab6/Step2.JPG Graphic file (type jpg)
 <use Lab6/Step2.JPG>
<Lab6/Step4.JPG, id=13, 2457.18pt x 2457.18pt>
File: Lab6/Step4.JPG Graphic file (type jpg)
 <use Lab6/Step4.JPG> [2 <./Lab6/Step1.JPG>]
Underfull \hbox (badness 10000) in paragraph at lines 51--52

 []

<Lab6/Angle5.JPG, id=17, 3276.24pt x 2457.18pt>
File: Lab6/Angle5.JPG Graphic file (type jpg)
 <use Lab6/Angle5.JPG>
Underfull \hbox (badness 10000) in paragraph at lines 60--61

 []

[3 <./Lab6/Step2.JPG> <./Lab6/Step4.JPG> <./Lab6/Angle5.JPG>]
<Lab6/Angle1.JPG, id=22, 3276.24pt x 2457.18pt>
File: Lab6/Angle1.JPG Graphic file (type jpg)
 <use Lab6/Angle1.JPG>
<Lab6/Angle3.JPG, id=23, 2457.18pt x 2457.18pt>
File: Lab6/Angle3.JPG Graphic file (type jpg)
 <use Lab6/Angle3.JPG>
<Lab6/Angle4.JPG, id=24, 2457.18pt x 2457.18pt>
File: Lab6/Angle4.JPG Graphic file (type jpg)
 <use Lab6/Angle4.JPG> [4 <./Lab6/Angle1.JPG> <./Lab6/Angle3.JPG> <./Lab6/Angle
4.JPG>]
<Lab6/Hole3.JPG, id=28, 2457.18pt x 3276.24pt>
File: Lab6/Hole3.JPG Graphic file (type jpg)
 <use Lab6/Hole3.JPG>
<Lab6/Hole1.JPG, id=29, 2457.18pt x 3276.24pt>
File: Lab6/Hole1.JPG Graphic file (type jpg)
 <use Lab6/Hole1.JPG>
<Lab6/Hole2.JPG, id=30, 2457.18pt x 3276.24pt>
File: Lab6/Hole2.JPG Graphic file (type jpg)
 <use Lab6/Hole2.JPG> [5]
Underfull \hbox (badness 10000) in paragraph at lines 102--105

 []

[6 <./Lab6/Hole3.JPG> <./Lab6/Hole1.JPG> <./Lab6/Hole2.JPG>] [7]
(./Lab6_Report.aux) ) 
Here is how much of TeX's memory you used:
 1755 strings out of 495061
 21171 string characters out of 1182621
 72401 words of memory out of 3000000
 4935 multiletter control sequences out of 15000+50000
 10978 words of font info for 29 fonts, out of 3000000 for 9000
 28 hyphenation exceptions out of 8191
 25i,6n,24p,577b,244s stack positions out of 5000i,500n,10000p,200000b,50000s
 </home/armine/.texmf-var/fonts/pk/ljfour/jknappen/ec/ecrm
0800.600pk> </home/armine/.texmf-var/fonts/pk/ljfour/jknappen/ec/ecrm1000.600pk
> </home/armine/.texmf-var/fonts/pk/ljfour/jknappen/ec/ecbx1440.600pk> </home/a
rmine/.texmf-var/fonts/pk/ljfour/jknappen/ec/ecrm1200.600pk> </home/armine/.tex
mf-var/fonts/pk/ljfour/jknappen/ec/ecrm1440.600pk> </home/armine/.texmf-var/fon
ts/pk/ljfour/jknappen/ec/ecrm1728.600pk></usr/share/texmf-texlive/fonts/type1/p
ublic/amsfonts/cm/cmsy10.pfb>
Output written on Lab6_Report.pdf (7 pages, 19481692 bytes).
PDF statistics:
 248 PDF objects out of 1000 (max. 8388607)
 0 named destinations out of 1000 (max. 500000)
 51 words of extra memory for PDF output out of 10000 (max. 10000000)

